2024-12-13 21:03:24,341 Starting experiment run_id=final_run
2024-12-13 21:03:24,683 Running seed 0
2024-12-13 21:04:12,506 [Pretraining] Seed 0 Epoch 1/50: Train Loss 0.0880, Val Loss 0.0393
2024-12-13 21:05:01,650 [Pretraining] Seed 0 Epoch 2/50: Train Loss 0.0225, Val Loss 0.0286
2024-12-13 21:05:50,665 [Pretraining] Seed 0 Epoch 3/50: Train Loss 0.0126, Val Loss 0.0414
2024-12-13 21:06:41,278 [Pretraining] Seed 0 Epoch 4/50: Train Loss 0.0118, Val Loss 0.0370
2024-12-13 21:07:18,345 [Pretraining] Seed 0 Epoch 5/50: Train Loss 0.0090, Val Loss 0.0282
2024-12-13 21:08:01,407 [Pretraining] Seed 0 Epoch 6/50: Train Loss 0.0079, Val Loss 0.0249
2024-12-13 21:08:44,989 [Pretraining] Seed 0 Epoch 7/50: Train Loss 0.0092, Val Loss 0.0206
2024-12-13 21:09:28,501 [Pretraining] Seed 0 Epoch 8/50: Train Loss 0.0065, Val Loss 0.0298
2024-12-13 21:10:11,868 [Pretraining] Seed 0 Epoch 9/50: Train Loss 0.0056, Val Loss 0.0424
2024-12-13 21:10:57,890 [Pretraining] Seed 0 Epoch 10/50: Train Loss 0.0072, Val Loss 0.0326
2024-12-13 21:11:44,371 [Pretraining] Seed 0 Epoch 11/50: Train Loss 0.0059, Val Loss 0.0343
2024-12-13 21:12:31,588 [Pretraining] Seed 0 Epoch 12/50: Train Loss 0.0061, Val Loss 0.0424
2024-12-13 21:13:21,255 [Pretraining] Seed 0 Epoch 13/50: Train Loss 0.0043, Val Loss 0.0329
2024-12-13 21:14:15,063 [Pretraining] Seed 0 Epoch 14/50: Train Loss 0.0023, Val Loss 0.0260
2024-12-13 21:15:06,523 [Pretraining] Seed 0 Epoch 15/50: Train Loss 0.0020, Val Loss 0.0197
2024-12-13 21:15:58,989 [Pretraining] Seed 0 Epoch 16/50: Train Loss 0.0023, Val Loss 0.0197
2024-12-13 21:16:51,477 [Pretraining] Seed 0 Epoch 17/50: Train Loss 0.0027, Val Loss 0.0216
2024-12-13 21:17:44,069 [Pretraining] Seed 0 Epoch 18/50: Train Loss 0.0029, Val Loss 0.0281
2024-12-13 21:18:36,141 [Pretraining] Seed 0 Epoch 19/50: Train Loss 0.0022, Val Loss 0.0356
2024-12-13 21:19:27,477 [Pretraining] Seed 0 Epoch 20/50: Train Loss 0.0021, Val Loss 0.0212
2024-12-13 21:20:16,465 [Pretraining] Seed 0 Epoch 21/50: Train Loss 0.0023, Val Loss 0.0245
2024-12-13 21:21:07,252 [Pretraining] Seed 0 Epoch 22/50: Train Loss 0.0016, Val Loss 0.0208
2024-12-13 21:21:59,653 [Pretraining] Seed 0 Epoch 23/50: Train Loss 0.0014, Val Loss 0.0280
2024-12-13 21:22:52,731 [Pretraining] Seed 0 Epoch 24/50: Train Loss 0.0014, Val Loss 0.0213
2024-12-13 21:23:45,360 [Pretraining] Seed 0 Epoch 25/50: Train Loss 0.0013, Val Loss 0.0227
2024-12-13 21:23:45,361 Early stopping pretraining seed 0
2024-12-13 21:24:04,809 [Supervised] Seed 0 Epoch 1/50: Train Loss 0.9954, Val Loss 0.5401
2024-12-13 21:24:24,252 [Supervised] Seed 0 Epoch 2/50: Train Loss 0.9205, Val Loss 0.5342
2024-12-13 21:24:42,893 [Supervised] Seed 0 Epoch 3/50: Train Loss 0.9153, Val Loss 0.5360
2024-12-13 21:25:01,356 [Supervised] Seed 0 Epoch 4/50: Train Loss 0.9135, Val Loss 0.5319
2024-12-13 21:25:20,883 [Supervised] Seed 0 Epoch 5/50: Train Loss 0.9112, Val Loss 0.5340
2024-12-13 21:25:39,604 [Supervised] Seed 0 Epoch 6/50: Train Loss 0.9109, Val Loss 0.5305
2024-12-13 21:25:58,016 [Supervised] Seed 0 Epoch 7/50: Train Loss 0.9095, Val Loss 0.5339
2024-12-13 21:26:16,380 [Supervised] Seed 0 Epoch 8/50: Train Loss 0.9098, Val Loss 0.5296
2024-12-13 21:26:35,209 [Supervised] Seed 0 Epoch 9/50: Train Loss 0.9091, Val Loss 0.5310
2024-12-13 21:26:54,030 [Supervised] Seed 0 Epoch 10/50: Train Loss 0.9082, Val Loss 0.5293
2024-12-13 21:27:12,875 [Supervised] Seed 0 Epoch 11/50: Train Loss 0.9074, Val Loss 0.5285
2024-12-13 21:27:32,537 [Supervised] Seed 0 Epoch 12/50: Train Loss 0.9068, Val Loss 0.5284
2024-12-13 21:27:51,585 [Supervised] Seed 0 Epoch 13/50: Train Loss 0.9066, Val Loss 0.5267
2024-12-13 21:28:10,345 [Supervised] Seed 0 Epoch 14/50: Train Loss 0.9059, Val Loss 0.5257
2024-12-13 21:28:28,595 [Supervised] Seed 0 Epoch 15/50: Train Loss 0.9057, Val Loss 0.5252
2024-12-13 21:28:45,921 [Supervised] Seed 0 Epoch 16/50: Train Loss 0.9067, Val Loss 0.5290
2024-12-13 21:29:03,820 [Supervised] Seed 0 Epoch 17/50: Train Loss 0.9056, Val Loss 0.5275
2024-12-13 21:29:22,323 [Supervised] Seed 0 Epoch 18/50: Train Loss 0.9060, Val Loss 0.5275
2024-12-13 21:29:40,862 [Supervised] Seed 0 Epoch 19/50: Train Loss 0.9037, Val Loss 0.5268
2024-12-13 21:29:59,273 [Supervised] Seed 0 Epoch 20/50: Train Loss 0.9042, Val Loss 0.5287
2024-12-13 21:30:18,621 [Supervised] Seed 0 Epoch 21/50: Train Loss 0.9030, Val Loss 0.5235
2024-12-13 21:30:37,286 [Supervised] Seed 0 Epoch 22/50: Train Loss 0.9048, Val Loss 0.5277
2024-12-13 21:30:58,972 [Supervised] Seed 0 Epoch 23/50: Train Loss 0.9054, Val Loss 0.5253
2024-12-13 21:31:21,362 [Supervised] Seed 0 Epoch 24/50: Train Loss 0.9034, Val Loss 0.5392
2024-12-13 21:31:43,293 [Supervised] Seed 0 Epoch 25/50: Train Loss 0.9059, Val Loss 0.5282
2024-12-13 21:32:06,307 [Supervised] Seed 0 Epoch 26/50: Train Loss 0.9053, Val Loss 0.5305
2024-12-13 21:32:28,603 [Supervised] Seed 0 Epoch 27/50: Train Loss 0.9064, Val Loss 0.5275
2024-12-13 21:32:51,977 [Supervised] Seed 0 Epoch 28/50: Train Loss 0.9042, Val Loss 0.5264
2024-12-13 21:33:14,678 [Supervised] Seed 0 Epoch 29/50: Train Loss 0.9037, Val Loss 0.5253
2024-12-13 21:33:37,432 [Supervised] Seed 0 Epoch 30/50: Train Loss 0.9030, Val Loss 0.5268
2024-12-13 21:33:59,638 [Supervised] Seed 0 Epoch 31/50: Train Loss 0.9013, Val Loss 0.5208
2024-12-13 21:34:22,781 [Supervised] Seed 0 Epoch 32/50: Train Loss 0.8978, Val Loss 0.5173
2024-12-13 21:34:45,620 [Supervised] Seed 0 Epoch 33/50: Train Loss 0.8972, Val Loss 0.5128
2024-12-13 21:35:08,444 [Supervised] Seed 0 Epoch 34/50: Train Loss 0.8944, Val Loss 0.5125
2024-12-13 21:35:30,373 [Supervised] Seed 0 Epoch 35/50: Train Loss 0.8924, Val Loss 0.5122
2024-12-13 21:35:54,355 [Supervised] Seed 0 Epoch 36/50: Train Loss 0.8932, Val Loss 0.5137
2024-12-13 21:36:17,381 [Supervised] Seed 0 Epoch 37/50: Train Loss 0.8920, Val Loss 0.5124
2024-12-13 21:36:40,683 [Supervised] Seed 0 Epoch 38/50: Train Loss 0.8925, Val Loss 0.5116
2024-12-13 21:37:04,034 [Supervised] Seed 0 Epoch 39/50: Train Loss 0.8920, Val Loss 0.5145
2024-12-13 21:37:28,434 [Supervised] Seed 0 Epoch 40/50: Train Loss 0.8919, Val Loss 0.5122
2024-12-13 21:37:50,820 [Supervised] Seed 0 Epoch 41/50: Train Loss 0.8928, Val Loss 0.5128
2024-12-13 21:38:13,252 [Supervised] Seed 0 Epoch 42/50: Train Loss 0.8916, Val Loss 0.5123
2024-12-13 21:38:36,231 [Supervised] Seed 0 Epoch 43/50: Train Loss 0.8911, Val Loss 0.5140
2024-12-13 21:38:59,584 [Supervised] Seed 0 Epoch 44/50: Train Loss 0.8914, Val Loss 0.5129
2024-12-13 21:39:23,892 [Supervised] Seed 0 Epoch 45/50: Train Loss 0.8901, Val Loss 0.5119
2024-12-13 21:39:45,937 [Supervised] Seed 0 Epoch 46/50: Train Loss 0.8900, Val Loss 0.5112
2024-12-13 21:40:08,818 [Supervised] Seed 0 Epoch 47/50: Train Loss 0.8897, Val Loss 0.5132
2024-12-13 21:40:31,860 [Supervised] Seed 0 Epoch 48/50: Train Loss 0.8902, Val Loss 0.5142
2024-12-13 21:40:55,114 [Supervised] Seed 0 Epoch 49/50: Train Loss 0.8901, Val Loss 0.5115
2024-12-13 21:41:19,111 [Supervised] Seed 0 Epoch 50/50: Train Loss 0.8899, Val Loss 0.5114
2024-12-13 21:41:41,003 Running seed 1
2024-12-13 21:42:46,689 [Pretraining] Seed 1 Epoch 1/50: Train Loss 0.0943, Val Loss 0.0355
2024-12-13 21:43:52,798 [Pretraining] Seed 1 Epoch 2/50: Train Loss 0.0190, Val Loss 0.0321
2024-12-13 21:44:57,552 [Pretraining] Seed 1 Epoch 3/50: Train Loss 0.0155, Val Loss 0.0197
2024-12-13 21:46:02,444 [Pretraining] Seed 1 Epoch 4/50: Train Loss 0.0107, Val Loss 0.0187
2024-12-13 21:47:08,477 [Pretraining] Seed 1 Epoch 5/50: Train Loss 0.0082, Val Loss 0.0250
2024-12-13 21:48:13,589 [Pretraining] Seed 1 Epoch 6/50: Train Loss 0.0081, Val Loss 0.0337
2024-12-13 21:49:21,784 [Pretraining] Seed 1 Epoch 7/50: Train Loss 0.0071, Val Loss 0.0317
2024-12-13 21:50:24,367 [Pretraining] Seed 1 Epoch 8/50: Train Loss 0.0062, Val Loss 0.0208
2024-12-13 21:51:29,830 [Pretraining] Seed 1 Epoch 9/50: Train Loss 0.0059, Val Loss 0.0311
2024-12-13 21:52:34,120 [Pretraining] Seed 1 Epoch 10/50: Train Loss 0.0076, Val Loss 0.0200
2024-12-13 21:53:39,408 [Pretraining] Seed 1 Epoch 11/50: Train Loss 0.0035, Val Loss 0.0251
2024-12-13 21:54:44,650 [Pretraining] Seed 1 Epoch 12/50: Train Loss 0.0033, Val Loss 0.0234
2024-12-13 21:55:47,701 [Pretraining] Seed 1 Epoch 13/50: Train Loss 0.0025, Val Loss 0.0202
2024-12-13 21:56:45,576 [Pretraining] Seed 1 Epoch 14/50: Train Loss 0.0031, Val Loss 0.0220
2024-12-13 21:56:45,577 Early stopping pretraining seed 1
2024-12-13 21:57:07,193 [Supervised] Seed 1 Epoch 1/50: Train Loss 1.0278, Val Loss 0.5394
2024-12-13 21:57:26,426 [Supervised] Seed 1 Epoch 2/50: Train Loss 0.9182, Val Loss 0.5330
2024-12-13 21:57:46,191 [Supervised] Seed 1 Epoch 3/50: Train Loss 0.9146, Val Loss 0.5311
2024-12-13 21:58:07,392 [Supervised] Seed 1 Epoch 4/50: Train Loss 0.9114, Val Loss 0.5329
2024-12-13 21:58:27,382 [Supervised] Seed 1 Epoch 5/50: Train Loss 0.9119, Val Loss 0.5359
2024-12-13 21:58:46,504 [Supervised] Seed 1 Epoch 6/50: Train Loss 0.9111, Val Loss 0.5293
2024-12-13 21:59:06,532 [Supervised] Seed 1 Epoch 7/50: Train Loss 0.9106, Val Loss 0.5297
2024-12-13 21:59:27,457 [Supervised] Seed 1 Epoch 8/50: Train Loss 0.9094, Val Loss 0.5307
2024-12-13 21:59:47,285 [Supervised] Seed 1 Epoch 9/50: Train Loss 0.9085, Val Loss 0.5338
2024-12-13 22:00:07,744 [Supervised] Seed 1 Epoch 10/50: Train Loss 0.9089, Val Loss 0.5283
2024-12-13 22:00:27,414 [Supervised] Seed 1 Epoch 11/50: Train Loss 0.9083, Val Loss 0.5306
2024-12-13 22:00:47,742 [Supervised] Seed 1 Epoch 12/50: Train Loss 0.9072, Val Loss 0.5256
2024-12-13 22:01:07,875 [Supervised] Seed 1 Epoch 13/50: Train Loss 0.9088, Val Loss 0.5296
2024-12-13 22:01:27,866 [Supervised] Seed 1 Epoch 14/50: Train Loss 0.9077, Val Loss 0.5283
2024-12-13 22:01:47,022 [Supervised] Seed 1 Epoch 15/50: Train Loss 0.9074, Val Loss 0.5280
2024-12-13 22:02:07,854 [Supervised] Seed 1 Epoch 16/50: Train Loss 0.9070, Val Loss 0.5275
2024-12-13 22:02:26,628 [Supervised] Seed 1 Epoch 17/50: Train Loss 0.9048, Val Loss 0.5225
2024-12-13 22:02:46,134 [Supervised] Seed 1 Epoch 18/50: Train Loss 0.9048, Val Loss 0.5281
2024-12-13 22:03:06,285 [Supervised] Seed 1 Epoch 19/50: Train Loss 0.9054, Val Loss 0.5329
2024-12-13 22:03:25,458 [Supervised] Seed 1 Epoch 20/50: Train Loss 0.9065, Val Loss 0.5303
2024-12-13 22:03:44,896 [Supervised] Seed 1 Epoch 21/50: Train Loss 0.9073, Val Loss 0.5277
2024-12-13 22:04:04,591 [Supervised] Seed 1 Epoch 22/50: Train Loss 0.9059, Val Loss 0.5299
2024-12-13 22:04:25,361 [Supervised] Seed 1 Epoch 23/50: Train Loss 0.9056, Val Loss 0.5308
2024-12-13 22:04:44,793 [Supervised] Seed 1 Epoch 24/50: Train Loss 0.9031, Val Loss 0.5231
2024-12-13 22:05:04,432 [Supervised] Seed 1 Epoch 25/50: Train Loss 0.9044, Val Loss 0.5285
2024-12-13 22:05:25,560 [Supervised] Seed 1 Epoch 26/50: Train Loss 0.9027, Val Loss 0.5242
2024-12-13 22:05:45,729 [Supervised] Seed 1 Epoch 27/50: Train Loss 0.9025, Val Loss 0.5258
2024-12-13 22:05:45,729 Early stopping supervised seed 1
2024-12-13 22:06:02,546 Running seed 2
2024-12-13 22:07:02,245 [Pretraining] Seed 2 Epoch 1/50: Train Loss 0.1008, Val Loss 0.0355
2024-12-13 22:08:01,270 [Pretraining] Seed 2 Epoch 2/50: Train Loss 0.0377, Val Loss 0.0730
2024-12-13 22:08:57,277 [Pretraining] Seed 2 Epoch 3/50: Train Loss 0.0271, Val Loss 0.0222
2024-12-13 22:09:55,194 [Pretraining] Seed 2 Epoch 4/50: Train Loss 0.0137, Val Loss 0.0201
2024-12-13 22:10:55,101 [Pretraining] Seed 2 Epoch 5/50: Train Loss 0.0131, Val Loss 0.0220
2024-12-13 22:11:55,134 [Pretraining] Seed 2 Epoch 6/50: Train Loss 0.0111, Val Loss 0.0193
2024-12-13 22:12:52,183 [Pretraining] Seed 2 Epoch 7/50: Train Loss 0.0088, Val Loss 0.0157
2024-12-13 22:13:52,224 [Pretraining] Seed 2 Epoch 8/50: Train Loss 0.0094, Val Loss 0.0258
2024-12-13 22:14:49,960 [Pretraining] Seed 2 Epoch 9/50: Train Loss 0.0081, Val Loss 0.0197
2024-12-13 22:15:49,148 [Pretraining] Seed 2 Epoch 10/50: Train Loss 0.0072, Val Loss 0.0190
2024-12-13 22:16:48,194 [Pretraining] Seed 2 Epoch 11/50: Train Loss 0.0070, Val Loss 0.0299
2024-12-13 22:17:49,206 [Pretraining] Seed 2 Epoch 12/50: Train Loss 0.0065, Val Loss 0.0238
2024-12-13 22:18:48,868 [Pretraining] Seed 2 Epoch 13/50: Train Loss 0.0053, Val Loss 0.0242
2024-12-13 22:19:47,892 [Pretraining] Seed 2 Epoch 14/50: Train Loss 0.0032, Val Loss 0.0162
2024-12-13 22:20:48,048 [Pretraining] Seed 2 Epoch 15/50: Train Loss 0.0030, Val Loss 0.0139
2024-12-13 22:21:48,367 [Pretraining] Seed 2 Epoch 16/50: Train Loss 0.0032, Val Loss 0.0202
2024-12-13 22:22:48,796 [Pretraining] Seed 2 Epoch 17/50: Train Loss 0.0035, Val Loss 0.0175
2024-12-13 22:23:49,457 [Pretraining] Seed 2 Epoch 18/50: Train Loss 0.0026, Val Loss 0.0227
2024-12-13 22:24:49,156 [Pretraining] Seed 2 Epoch 19/50: Train Loss 0.0033, Val Loss 0.0187
2024-12-13 22:25:35,687 [Pretraining] Seed 2 Epoch 20/50: Train Loss 0.0031, Val Loss 0.0200
2024-12-13 22:26:21,715 [Pretraining] Seed 2 Epoch 21/50: Train Loss 0.0034, Val Loss 0.0180
2024-12-13 22:27:03,759 [Pretraining] Seed 2 Epoch 22/50: Train Loss 0.0022, Val Loss 0.0148
2024-12-13 22:27:49,837 [Pretraining] Seed 2 Epoch 23/50: Train Loss 0.0020, Val Loss 0.0184
2024-12-13 22:28:33,772 [Pretraining] Seed 2 Epoch 24/50: Train Loss 0.0018, Val Loss 0.0202
2024-12-13 22:29:17,099 [Pretraining] Seed 2 Epoch 25/50: Train Loss 0.0018, Val Loss 0.0204
2024-12-13 22:29:17,101 Early stopping pretraining seed 2
2024-12-13 22:29:32,909 [Supervised] Seed 2 Epoch 1/50: Train Loss 0.9673, Val Loss 0.5415
2024-12-13 22:29:47,211 [Supervised] Seed 2 Epoch 2/50: Train Loss 0.9205, Val Loss 0.5347
2024-12-13 22:30:03,154 [Supervised] Seed 2 Epoch 3/50: Train Loss 0.9137, Val Loss 0.5334
2024-12-13 22:30:19,581 [Supervised] Seed 2 Epoch 4/50: Train Loss 0.9115, Val Loss 0.5304
2024-12-13 22:30:35,375 [Supervised] Seed 2 Epoch 5/50: Train Loss 0.9100, Val Loss 0.5304
2024-12-13 22:30:50,450 [Supervised] Seed 2 Epoch 6/50: Train Loss 0.9092, Val Loss 0.5357
2024-12-13 22:31:06,582 [Supervised] Seed 2 Epoch 7/50: Train Loss 0.9099, Val Loss 0.5290
2024-12-13 22:31:22,840 [Supervised] Seed 2 Epoch 8/50: Train Loss 0.9079, Val Loss 0.5320
2024-12-13 22:31:37,921 [Supervised] Seed 2 Epoch 9/50: Train Loss 0.9080, Val Loss 0.5327
2024-12-13 22:31:53,046 [Supervised] Seed 2 Epoch 10/50: Train Loss 0.9089, Val Loss 0.5290
2024-12-13 22:32:09,714 [Supervised] Seed 2 Epoch 11/50: Train Loss 0.9069, Val Loss 0.5283
2024-12-13 22:32:27,245 [Supervised] Seed 2 Epoch 12/50: Train Loss 0.9070, Val Loss 0.5304
2024-12-13 22:32:45,943 [Supervised] Seed 2 Epoch 13/50: Train Loss 0.9068, Val Loss 0.5298
2024-12-13 22:33:07,044 [Supervised] Seed 2 Epoch 14/50: Train Loss 0.9058, Val Loss 0.5270
2024-12-13 22:33:28,027 [Supervised] Seed 2 Epoch 15/50: Train Loss 0.9060, Val Loss 0.5293
2024-12-13 22:33:48,081 [Supervised] Seed 2 Epoch 16/50: Train Loss 0.9057, Val Loss 0.5234
2024-12-13 22:34:08,837 [Supervised] Seed 2 Epoch 17/50: Train Loss 0.9036, Val Loss 0.5235
2024-12-13 22:34:28,337 [Supervised] Seed 2 Epoch 18/50: Train Loss 0.9044, Val Loss 0.5302
2024-12-13 22:34:48,026 [Supervised] Seed 2 Epoch 19/50: Train Loss 0.9044, Val Loss 0.5254
2024-12-13 22:35:09,013 [Supervised] Seed 2 Epoch 20/50: Train Loss 0.9037, Val Loss 0.5227
2024-12-13 22:35:29,462 [Supervised] Seed 2 Epoch 21/50: Train Loss 0.9032, Val Loss 0.5280
2024-12-13 22:35:49,426 [Supervised] Seed 2 Epoch 22/50: Train Loss 0.9026, Val Loss 0.5189
2024-12-13 22:36:09,547 [Supervised] Seed 2 Epoch 23/50: Train Loss 0.9020, Val Loss 0.5218
2024-12-13 22:36:30,512 [Supervised] Seed 2 Epoch 24/50: Train Loss 0.9035, Val Loss 0.5262
2024-12-13 22:36:50,702 [Supervised] Seed 2 Epoch 25/50: Train Loss 0.9027, Val Loss 0.5187
2024-12-13 22:37:11,364 [Supervised] Seed 2 Epoch 26/50: Train Loss 0.8980, Val Loss 0.5176
2024-12-13 22:37:32,468 [Supervised] Seed 2 Epoch 27/50: Train Loss 0.8964, Val Loss 0.5177
2024-12-13 22:37:53,114 [Supervised] Seed 2 Epoch 28/50: Train Loss 0.8953, Val Loss 0.5133
2024-12-13 22:38:13,930 [Supervised] Seed 2 Epoch 29/50: Train Loss 0.8934, Val Loss 0.5141
2024-12-13 22:38:33,741 [Supervised] Seed 2 Epoch 30/50: Train Loss 0.8929, Val Loss 0.5186
2024-12-13 22:38:53,824 [Supervised] Seed 2 Epoch 31/50: Train Loss 0.8951, Val Loss 0.5180
2024-12-13 22:39:13,511 [Supervised] Seed 2 Epoch 32/50: Train Loss 0.8925, Val Loss 0.5171
2024-12-13 22:39:32,415 [Supervised] Seed 2 Epoch 33/50: Train Loss 0.8941, Val Loss 0.5130
2024-12-13 22:39:52,816 [Supervised] Seed 2 Epoch 34/50: Train Loss 0.8942, Val Loss 0.5130
2024-12-13 22:40:13,695 [Supervised] Seed 2 Epoch 35/50: Train Loss 0.8925, Val Loss 0.5150
2024-12-13 22:40:33,448 [Supervised] Seed 2 Epoch 36/50: Train Loss 0.8933, Val Loss 0.5141
2024-12-13 22:40:53,023 [Supervised] Seed 2 Epoch 37/50: Train Loss 0.8917, Val Loss 0.5114
2024-12-13 22:41:09,969 [Supervised] Seed 2 Epoch 38/50: Train Loss 0.8979, Val Loss 0.5159
2024-12-13 22:41:30,359 [Supervised] Seed 2 Epoch 39/50: Train Loss 0.8932, Val Loss 0.5150
2024-12-13 22:41:50,780 [Supervised] Seed 2 Epoch 40/50: Train Loss 0.8916, Val Loss 0.5138
2024-12-13 22:42:11,699 [Supervised] Seed 2 Epoch 41/50: Train Loss 0.8922, Val Loss 0.5105
2024-12-13 22:42:32,457 [Supervised] Seed 2 Epoch 42/50: Train Loss 0.8920, Val Loss 0.5141
2024-12-13 22:42:53,030 [Supervised] Seed 2 Epoch 43/50: Train Loss 0.8924, Val Loss 0.5147
2024-12-13 22:43:13,737 [Supervised] Seed 2 Epoch 44/50: Train Loss 0.8950, Val Loss 0.5133
2024-12-13 22:43:32,949 [Supervised] Seed 2 Epoch 45/50: Train Loss 0.8941, Val Loss 0.5132
2024-12-13 22:43:52,971 [Supervised] Seed 2 Epoch 46/50: Train Loss 0.8919, Val Loss 0.5133
2024-12-13 22:44:13,639 [Supervised] Seed 2 Epoch 47/50: Train Loss 0.8921, Val Loss 0.5126
2024-12-13 22:44:31,766 [Supervised] Seed 2 Epoch 48/50: Train Loss 0.8906, Val Loss 0.5119
2024-12-13 22:44:50,863 [Supervised] Seed 2 Epoch 49/50: Train Loss 0.8909, Val Loss 0.5110
2024-12-13 22:45:10,420 [Supervised] Seed 2 Epoch 50/50: Train Loss 0.8899, Val Loss 0.5121
2024-12-13 22:45:26,628 Experiment complete. Results saved.
2024-12-13 23:43:28,503 Starting experiment run_id=final_run
2024-12-13 23:43:28,816 Running seed 0
2024-12-13 23:46:18,581 [Pretraining] Seed 0 Epoch 1/150: Train Loss 0.1328, Val Loss 0.0311
2024-12-13 23:49:08,107 [Pretraining] Seed 0 Epoch 2/150: Train Loss 0.0329, Val Loss 0.0636
2024-12-13 23:53:28,500 [Pretraining] Seed 0 Epoch 3/150: Train Loss 0.0412, Val Loss 0.0432
2024-12-13 23:58:13,597 [Pretraining] Seed 0 Epoch 4/150: Train Loss 0.0270, Val Loss 0.0258
2024-12-14 00:03:25,829 [Pretraining] Seed 0 Epoch 5/150: Train Loss 0.0322, Val Loss 0.1102
2024-12-14 00:08:14,762 [Pretraining] Seed 0 Epoch 6/150: Train Loss 0.0282, Val Loss 0.0334
2024-12-14 00:13:01,074 [Pretraining] Seed 0 Epoch 7/150: Train Loss 0.0144, Val Loss 0.0171
2024-12-14 00:17:48,335 [Pretraining] Seed 0 Epoch 8/150: Train Loss 0.0132, Val Loss 0.0250
2024-12-14 00:22:41,680 [Pretraining] Seed 0 Epoch 9/150: Train Loss 0.0104, Val Loss 0.0257
2024-12-14 00:27:38,878 [Pretraining] Seed 0 Epoch 10/150: Train Loss 0.0080, Val Loss 0.0225
2024-12-14 00:32:50,854 [Pretraining] Seed 0 Epoch 11/150: Train Loss 0.0075, Val Loss 0.0288
2024-12-14 00:37:46,469 [Pretraining] Seed 0 Epoch 12/150: Train Loss 0.0078, Val Loss 0.0164
2024-12-14 00:42:20,891 [Pretraining] Seed 0 Epoch 13/150: Train Loss 0.0117, Val Loss 0.0202
2024-12-14 00:47:02,929 [Pretraining] Seed 0 Epoch 14/150: Train Loss 0.0063, Val Loss 0.0246
2024-12-14 00:52:27,488 [Pretraining] Seed 0 Epoch 15/150: Train Loss 0.0044, Val Loss 0.0292
2024-12-14 00:57:38,809 [Pretraining] Seed 0 Epoch 16/150: Train Loss 0.0058, Val Loss 0.0441
2024-12-14 01:02:45,531 [Pretraining] Seed 0 Epoch 17/150: Train Loss 0.0043, Val Loss 0.0296
2024-12-14 01:07:52,062 [Pretraining] Seed 0 Epoch 18/150: Train Loss 0.0048, Val Loss 0.0336
2024-12-14 01:12:58,763 [Pretraining] Seed 0 Epoch 19/150: Train Loss 0.0024, Val Loss 0.0386
2024-12-14 01:18:07,791 [Pretraining] Seed 0 Epoch 20/150: Train Loss 0.0022, Val Loss 0.0280
2024-12-14 01:23:17,464 [Pretraining] Seed 0 Epoch 21/150: Train Loss 0.0024, Val Loss 0.0342
2024-12-14 01:28:25,233 [Pretraining] Seed 0 Epoch 22/150: Train Loss 0.0023, Val Loss 0.0268
2024-12-14 01:28:25,235 Early stopping pretraining seed 0
2024-12-14 01:30:13,073 [Supervised] Seed 0 Epoch 1/150: Train Loss 0.9335, Val Loss 1.0170
2024-12-14 01:32:01,203 [Supervised] Seed 0 Epoch 2/150: Train Loss 0.8630, Val Loss 1.0185
2024-12-14 01:33:47,206 [Supervised] Seed 0 Epoch 3/150: Train Loss 0.8607, Val Loss 1.0137
2024-12-14 01:35:36,434 [Supervised] Seed 0 Epoch 4/150: Train Loss 0.8585, Val Loss 1.0154
2024-12-14 01:37:22,611 [Supervised] Seed 0 Epoch 5/150: Train Loss 0.8577, Val Loss 1.0197
2024-12-14 01:39:11,197 [Supervised] Seed 0 Epoch 6/150: Train Loss 0.8554, Val Loss 1.0117
2024-12-14 01:40:59,609 [Supervised] Seed 0 Epoch 7/150: Train Loss 0.8562, Val Loss 1.0102
2024-12-14 01:42:48,814 [Supervised] Seed 0 Epoch 8/150: Train Loss 0.8551, Val Loss 1.0118
2024-12-14 01:44:36,727 [Supervised] Seed 0 Epoch 9/150: Train Loss 0.8548, Val Loss 1.0098
2024-12-14 01:46:24,020 [Supervised] Seed 0 Epoch 10/150: Train Loss 0.8534, Val Loss 1.0089
2024-12-14 01:48:12,826 [Supervised] Seed 0 Epoch 11/150: Train Loss 0.8541, Val Loss 1.0156
2024-12-14 01:50:01,257 [Supervised] Seed 0 Epoch 12/150: Train Loss 0.8539, Val Loss 1.0110
2024-12-14 01:51:48,420 [Supervised] Seed 0 Epoch 13/150: Train Loss 0.8528, Val Loss 1.0113
2024-12-14 01:53:32,330 [Supervised] Seed 0 Epoch 14/150: Train Loss 0.8530, Val Loss 1.0093
2024-12-14 01:55:16,116 [Supervised] Seed 0 Epoch 15/150: Train Loss 0.8520, Val Loss 1.0053
2024-12-14 01:57:02,787 [Supervised] Seed 0 Epoch 16/150: Train Loss 0.8542, Val Loss 1.0101
2024-12-14 01:58:52,139 [Supervised] Seed 0 Epoch 17/150: Train Loss 0.8517, Val Loss 1.0035
2024-12-14 02:00:41,313 [Supervised] Seed 0 Epoch 18/150: Train Loss 0.8527, Val Loss 1.0097
2024-12-14 02:02:28,725 [Supervised] Seed 0 Epoch 19/150: Train Loss 0.8501, Val Loss 1.0046
2024-12-14 02:04:16,640 [Supervised] Seed 0 Epoch 20/150: Train Loss 0.8488, Val Loss 1.0032
2024-12-14 02:06:05,946 [Supervised] Seed 0 Epoch 21/150: Train Loss 0.8496, Val Loss 1.0087
2024-12-14 02:07:53,281 [Supervised] Seed 0 Epoch 22/150: Train Loss 0.8488, Val Loss 1.0074
2024-12-14 02:09:40,317 [Supervised] Seed 0 Epoch 23/150: Train Loss 0.8530, Val Loss 1.0092
2024-12-14 02:11:30,267 [Supervised] Seed 0 Epoch 24/150: Train Loss 0.8501, Val Loss 1.0037
2024-12-14 02:13:18,076 [Supervised] Seed 0 Epoch 25/150: Train Loss 0.8469, Val Loss 1.0040
2024-12-14 02:15:05,813 [Supervised] Seed 0 Epoch 26/150: Train Loss 0.8505, Val Loss 1.0050
2024-12-14 02:16:53,363 [Supervised] Seed 0 Epoch 27/150: Train Loss 0.8454, Val Loss 1.0000
2024-12-14 02:18:42,185 [Supervised] Seed 0 Epoch 28/150: Train Loss 0.8414, Val Loss 0.9946
2024-12-14 02:20:30,139 [Supervised] Seed 0 Epoch 29/150: Train Loss 0.8395, Val Loss 0.9941
2024-12-14 02:22:18,510 [Supervised] Seed 0 Epoch 30/150: Train Loss 0.8395, Val Loss 0.9949
2024-12-14 02:24:08,682 [Supervised] Seed 0 Epoch 31/150: Train Loss 0.8389, Val Loss 0.9960
2024-12-14 02:25:57,118 [Supervised] Seed 0 Epoch 32/150: Train Loss 0.8387, Val Loss 0.9953
2024-12-14 02:27:47,138 [Supervised] Seed 0 Epoch 33/150: Train Loss 0.8387, Val Loss 0.9960
2024-12-14 02:29:33,648 [Supervised] Seed 0 Epoch 34/150: Train Loss 0.8384, Val Loss 0.9941
2024-12-14 02:31:22,671 [Supervised] Seed 0 Epoch 35/150: Train Loss 0.8386, Val Loss 0.9958
2024-12-14 02:33:12,919 [Supervised] Seed 0 Epoch 36/150: Train Loss 0.8370, Val Loss 0.9944
2024-12-14 02:35:04,150 [Supervised] Seed 0 Epoch 37/150: Train Loss 0.8371, Val Loss 0.9937
2024-12-14 02:36:54,288 [Supervised] Seed 0 Epoch 38/150: Train Loss 0.8368, Val Loss 0.9937
2024-12-14 02:38:42,358 [Supervised] Seed 0 Epoch 39/150: Train Loss 0.8372, Val Loss 0.9931
2024-12-14 02:40:31,137 [Supervised] Seed 0 Epoch 40/150: Train Loss 0.8372, Val Loss 0.9937
2024-12-14 02:42:18,853 [Supervised] Seed 0 Epoch 41/150: Train Loss 0.8381, Val Loss 0.9939
2024-12-14 02:44:02,421 [Supervised] Seed 0 Epoch 42/150: Train Loss 0.8368, Val Loss 0.9935
2024-12-14 02:45:43,702 [Supervised] Seed 0 Epoch 43/150: Train Loss 0.8367, Val Loss 0.9940
2024-12-14 02:47:26,466 [Supervised] Seed 0 Epoch 44/150: Train Loss 0.8371, Val Loss 0.9936
2024-12-14 02:49:12,861 [Supervised] Seed 0 Epoch 45/150: Train Loss 0.8368, Val Loss 0.9935
2024-12-14 02:50:59,025 [Supervised] Seed 0 Epoch 46/150: Train Loss 0.8359, Val Loss 0.9927
2024-12-14 02:52:40,924 [Supervised] Seed 0 Epoch 47/150: Train Loss 0.8359, Val Loss 0.9931
2024-12-14 02:54:26,635 [Supervised] Seed 0 Epoch 48/150: Train Loss 0.8358, Val Loss 0.9930
2024-12-14 02:56:15,866 [Supervised] Seed 0 Epoch 49/150: Train Loss 0.8362, Val Loss 0.9929
2024-12-14 02:57:50,266 [Supervised] Seed 0 Epoch 50/150: Train Loss 0.8359, Val Loss 0.9926
2024-12-14 02:59:32,683 [Supervised] Seed 0 Epoch 51/150: Train Loss 0.8358, Val Loss 0.9931
2024-12-14 03:01:21,649 [Supervised] Seed 0 Epoch 52/150: Train Loss 0.8361, Val Loss 0.9928
2024-12-14 03:03:09,447 [Supervised] Seed 0 Epoch 53/150: Train Loss 0.8357, Val Loss 0.9930
2024-12-14 03:04:56,202 [Supervised] Seed 0 Epoch 54/150: Train Loss 0.8356, Val Loss 0.9932
2024-12-14 03:06:44,756 [Supervised] Seed 0 Epoch 55/150: Train Loss 0.8357, Val Loss 0.9926
2024-12-14 03:08:33,704 [Supervised] Seed 0 Epoch 56/150: Train Loss 0.8360, Val Loss 0.9918
2024-12-14 03:10:23,190 [Supervised] Seed 0 Epoch 57/150: Train Loss 0.8356, Val Loss 0.9925
2024-12-14 03:12:12,115 [Supervised] Seed 0 Epoch 58/150: Train Loss 0.8357, Val Loss 0.9923
2024-12-14 03:13:59,863 [Supervised] Seed 0 Epoch 59/150: Train Loss 0.8355, Val Loss 0.9925
2024-12-14 03:15:48,215 [Supervised] Seed 0 Epoch 60/150: Train Loss 0.8356, Val Loss 0.9938
2024-12-14 03:17:36,157 [Supervised] Seed 0 Epoch 61/150: Train Loss 0.8356, Val Loss 0.9920
2024-12-14 03:19:24,037 [Supervised] Seed 0 Epoch 62/150: Train Loss 0.8356, Val Loss 0.9928
2024-12-14 03:21:11,930 [Supervised] Seed 0 Epoch 63/150: Train Loss 0.8348, Val Loss 0.9922
2024-12-14 03:23:01,048 [Supervised] Seed 0 Epoch 64/150: Train Loss 0.8351, Val Loss 0.9921
2024-12-14 03:24:47,867 [Supervised] Seed 0 Epoch 65/150: Train Loss 0.8350, Val Loss 0.9917
2024-12-14 03:26:31,002 [Supervised] Seed 0 Epoch 66/150: Train Loss 0.8346, Val Loss 0.9919
2024-12-14 03:28:20,335 [Supervised] Seed 0 Epoch 67/150: Train Loss 0.8350, Val Loss 0.9917
2024-12-14 03:30:07,502 [Supervised] Seed 0 Epoch 68/150: Train Loss 0.8347, Val Loss 0.9915
2024-12-14 03:31:51,585 [Supervised] Seed 0 Epoch 69/150: Train Loss 0.8348, Val Loss 0.9920
2024-12-14 03:33:35,151 [Supervised] Seed 0 Epoch 70/150: Train Loss 0.8347, Val Loss 0.9917
2024-12-14 03:35:05,782 [Supervised] Seed 0 Epoch 71/150: Train Loss 0.8351, Val Loss 0.9925
2024-12-14 03:36:44,208 [Supervised] Seed 0 Epoch 72/150: Train Loss 0.8346, Val Loss 0.9912
2024-12-14 03:38:30,075 [Supervised] Seed 0 Epoch 73/150: Train Loss 0.8347, Val Loss 0.9910
2024-12-14 03:40:10,629 [Supervised] Seed 0 Epoch 74/150: Train Loss 0.8345, Val Loss 0.9910
2024-12-14 03:41:53,159 [Supervised] Seed 0 Epoch 75/150: Train Loss 0.8344, Val Loss 0.9915
2024-12-14 03:43:30,476 [Supervised] Seed 0 Epoch 76/150: Train Loss 0.8346, Val Loss 0.9910
2024-12-14 03:45:13,772 [Supervised] Seed 0 Epoch 77/150: Train Loss 0.8344, Val Loss 0.9914
2024-12-14 03:46:57,176 [Supervised] Seed 0 Epoch 78/150: Train Loss 0.8346, Val Loss 0.9912
2024-12-14 03:48:41,677 [Supervised] Seed 0 Epoch 79/150: Train Loss 0.8346, Val Loss 0.9905
2024-12-14 03:50:19,987 [Supervised] Seed 0 Epoch 80/150: Train Loss 0.8342, Val Loss 0.9905
2024-12-14 03:52:06,426 [Supervised] Seed 0 Epoch 81/150: Train Loss 0.8344, Val Loss 0.9910
2024-12-14 03:53:47,956 [Supervised] Seed 0 Epoch 82/150: Train Loss 0.8340, Val Loss 0.9902
2024-12-14 03:55:33,586 [Supervised] Seed 0 Epoch 83/150: Train Loss 0.8343, Val Loss 0.9903
2024-12-14 03:57:14,561 [Supervised] Seed 0 Epoch 84/150: Train Loss 0.8342, Val Loss 0.9913
2024-12-14 03:59:03,110 [Supervised] Seed 0 Epoch 85/150: Train Loss 0.8345, Val Loss 0.9906
2024-12-14 04:00:30,399 [Supervised] Seed 0 Epoch 86/150: Train Loss 0.8341, Val Loss 0.9915
2024-12-14 04:01:59,591 [Supervised] Seed 0 Epoch 87/150: Train Loss 0.8342, Val Loss 0.9903
2024-12-14 04:03:37,978 [Supervised] Seed 0 Epoch 88/150: Train Loss 0.8342, Val Loss 0.9912
2024-12-14 04:05:26,277 [Supervised] Seed 0 Epoch 89/150: Train Loss 0.8340, Val Loss 0.9900
2024-12-14 04:07:08,302 [Supervised] Seed 0 Epoch 90/150: Train Loss 0.8338, Val Loss 0.9900
2024-12-14 04:08:49,286 [Supervised] Seed 0 Epoch 91/150: Train Loss 0.8338, Val Loss 0.9900
2024-12-14 04:10:30,480 [Supervised] Seed 0 Epoch 92/150: Train Loss 0.8338, Val Loss 0.9904
2024-12-14 04:12:09,540 [Supervised] Seed 0 Epoch 93/150: Train Loss 0.8338, Val Loss 0.9897
2024-12-14 04:13:51,706 [Supervised] Seed 0 Epoch 94/150: Train Loss 0.8340, Val Loss 0.9899
2024-12-14 04:15:34,790 [Supervised] Seed 0 Epoch 95/150: Train Loss 0.8339, Val Loss 0.9897
2024-12-14 04:17:12,706 [Supervised] Seed 0 Epoch 96/150: Train Loss 0.8338, Val Loss 0.9914
2024-12-14 04:18:37,096 [Supervised] Seed 0 Epoch 97/150: Train Loss 0.8336, Val Loss 0.9899
2024-12-14 04:20:06,425 [Supervised] Seed 0 Epoch 98/150: Train Loss 0.8336, Val Loss 0.9896
2024-12-14 04:21:38,851 [Supervised] Seed 0 Epoch 99/150: Train Loss 0.8335, Val Loss 0.9899
2024-12-14 04:23:07,333 [Supervised] Seed 0 Epoch 100/150: Train Loss 0.8336, Val Loss 0.9899
2024-12-14 04:24:38,004 [Supervised] Seed 0 Epoch 101/150: Train Loss 0.8337, Val Loss 0.9894
2024-12-14 04:26:32,742 [Supervised] Seed 0 Epoch 102/150: Train Loss 0.8337, Val Loss 0.9897
2024-12-14 04:28:23,187 [Supervised] Seed 0 Epoch 103/150: Train Loss 0.8338, Val Loss 0.9894
2024-12-14 04:30:09,159 [Supervised] Seed 0 Epoch 104/150: Train Loss 0.8332, Val Loss 0.9897
2024-12-14 04:31:41,978 [Supervised] Seed 0 Epoch 105/150: Train Loss 0.8337, Val Loss 0.9901
2024-12-14 04:33:09,512 [Supervised] Seed 0 Epoch 106/150: Train Loss 0.8339, Val Loss 0.9901
2024-12-14 04:34:34,757 [Supervised] Seed 0 Epoch 107/150: Train Loss 0.8335, Val Loss 0.9899
2024-12-14 04:35:59,278 [Supervised] Seed 0 Epoch 108/150: Train Loss 0.8336, Val Loss 0.9897
2024-12-14 04:37:25,775 [Supervised] Seed 0 Epoch 109/150: Train Loss 0.8334, Val Loss 0.9901
2024-12-14 04:38:51,570 [Supervised] Seed 0 Epoch 110/150: Train Loss 0.8330, Val Loss 0.9894
2024-12-14 04:40:17,534 [Supervised] Seed 0 Epoch 111/150: Train Loss 0.8334, Val Loss 0.9895
2024-12-14 04:41:42,452 [Supervised] Seed 0 Epoch 112/150: Train Loss 0.8334, Val Loss 0.9897
2024-12-14 04:43:10,704 [Supervised] Seed 0 Epoch 113/150: Train Loss 0.8334, Val Loss 0.9895
2024-12-14 04:44:37,191 [Supervised] Seed 0 Epoch 114/150: Train Loss 0.8337, Val Loss 0.9895
2024-12-14 04:46:06,818 [Supervised] Seed 0 Epoch 115/150: Train Loss 0.8335, Val Loss 0.9896
2024-12-14 04:47:35,250 [Supervised] Seed 0 Epoch 116/150: Train Loss 0.8333, Val Loss 0.9897
2024-12-14 04:49:01,423 [Supervised] Seed 0 Epoch 117/150: Train Loss 0.8331, Val Loss 0.9898
2024-12-14 04:50:30,302 [Supervised] Seed 0 Epoch 118/150: Train Loss 0.8326, Val Loss 0.9895
2024-12-14 04:51:56,279 [Supervised] Seed 0 Epoch 119/150: Train Loss 0.8332, Val Loss 0.9897
2024-12-14 04:53:23,279 [Supervised] Seed 0 Epoch 120/150: Train Loss 0.8334, Val Loss 0.9894
2024-12-14 04:53:23,281 Early stopping supervised seed 0
2024-12-14 04:54:14,797 Running seed 1
2024-12-14 04:58:18,862 [Pretraining] Seed 1 Epoch 1/150: Train Loss 0.1518, Val Loss 0.0388
2024-12-14 05:02:23,454 [Pretraining] Seed 1 Epoch 2/150: Train Loss 0.0357, Val Loss 0.0237
2024-12-14 05:06:10,202 [Pretraining] Seed 1 Epoch 3/150: Train Loss 0.0412, Val Loss 0.0326
2024-12-14 05:10:14,330 [Pretraining] Seed 1 Epoch 4/150: Train Loss 0.0186, Val Loss 0.0702
2024-12-14 05:14:19,139 [Pretraining] Seed 1 Epoch 5/150: Train Loss 0.0142, Val Loss 0.0438
2024-12-14 05:18:19,229 [Pretraining] Seed 1 Epoch 6/150: Train Loss 0.0118, Val Loss 0.0215
2024-12-14 05:22:37,625 [Pretraining] Seed 1 Epoch 7/150: Train Loss 0.0177, Val Loss 0.0553
2024-12-14 05:26:45,787 [Pretraining] Seed 1 Epoch 8/150: Train Loss 0.0122, Val Loss 0.0168
2024-12-14 05:31:00,640 [Pretraining] Seed 1 Epoch 9/150: Train Loss 0.0067, Val Loss 0.0309
2024-12-14 05:35:07,834 [Pretraining] Seed 1 Epoch 10/150: Train Loss 0.0068, Val Loss 0.0283
2024-12-14 05:39:13,453 [Pretraining] Seed 1 Epoch 11/150: Train Loss 0.0055, Val Loss 0.0284
2024-12-14 05:43:42,280 [Pretraining] Seed 1 Epoch 12/150: Train Loss 0.0054, Val Loss 0.0405
2024-12-14 05:48:48,256 [Pretraining] Seed 1 Epoch 13/150: Train Loss 0.0055, Val Loss 0.0222
2024-12-14 05:53:45,300 [Pretraining] Seed 1 Epoch 14/150: Train Loss 0.0041, Val Loss 0.0365
2024-12-14 05:58:40,827 [Pretraining] Seed 1 Epoch 15/150: Train Loss 0.0038, Val Loss 0.0210
2024-12-14 06:03:48,963 [Pretraining] Seed 1 Epoch 16/150: Train Loss 0.0028, Val Loss 0.0278
2024-12-14 06:08:19,779 [Pretraining] Seed 1 Epoch 17/150: Train Loss 0.0028, Val Loss 0.0221
2024-12-14 06:12:26,870 [Pretraining] Seed 1 Epoch 18/150: Train Loss 0.0026, Val Loss 0.0203
2024-12-14 06:12:26,871 Early stopping pretraining seed 1
2024-12-14 06:13:51,083 [Supervised] Seed 1 Epoch 1/150: Train Loss 0.9366, Val Loss 1.0174
2024-12-14 06:15:12,673 [Supervised] Seed 1 Epoch 2/150: Train Loss 0.8645, Val Loss 1.0172
2024-12-14 06:16:32,672 [Supervised] Seed 1 Epoch 3/150: Train Loss 0.8609, Val Loss 1.0134
2024-12-14 06:17:46,751 [Supervised] Seed 1 Epoch 4/150: Train Loss 0.8585, Val Loss 1.0113
2024-12-14 06:19:05,484 [Supervised] Seed 1 Epoch 5/150: Train Loss 0.8575, Val Loss 1.0110
2024-12-14 06:20:44,550 [Supervised] Seed 1 Epoch 6/150: Train Loss 0.8568, Val Loss 1.0174
2024-12-14 06:22:16,981 [Supervised] Seed 1 Epoch 7/150: Train Loss 0.8561, Val Loss 1.0097
2024-12-14 06:23:43,355 [Supervised] Seed 1 Epoch 8/150: Train Loss 0.8541, Val Loss 1.0120
2024-12-14 06:25:09,476 [Supervised] Seed 1 Epoch 9/150: Train Loss 0.8554, Val Loss 1.0105
2024-12-14 06:26:35,100 [Supervised] Seed 1 Epoch 10/150: Train Loss 0.8542, Val Loss 1.0119
2024-12-14 06:28:02,535 [Supervised] Seed 1 Epoch 11/150: Train Loss 0.8535, Val Loss 1.0095
2024-12-14 06:29:31,079 [Supervised] Seed 1 Epoch 12/150: Train Loss 0.8534, Val Loss 1.0094
2024-12-14 06:30:59,572 [Supervised] Seed 1 Epoch 13/150: Train Loss 0.8535, Val Loss 1.0093
2024-12-14 06:32:25,714 [Supervised] Seed 1 Epoch 14/150: Train Loss 0.8530, Val Loss 1.0113
2024-12-14 06:33:49,484 [Supervised] Seed 1 Epoch 15/150: Train Loss 0.8527, Val Loss 1.0097
2024-12-14 06:35:10,802 [Supervised] Seed 1 Epoch 16/150: Train Loss 0.8560, Val Loss 1.0148
2024-12-14 06:36:32,763 [Supervised] Seed 1 Epoch 17/150: Train Loss 0.8534, Val Loss 1.0071
2024-12-14 06:37:54,337 [Supervised] Seed 1 Epoch 18/150: Train Loss 0.8521, Val Loss 1.0051
2024-12-14 06:39:20,978 [Supervised] Seed 1 Epoch 19/150: Train Loss 0.8524, Val Loss 1.0090
2024-12-14 06:40:43,721 [Supervised] Seed 1 Epoch 20/150: Train Loss 0.8504, Val Loss 1.0120
2024-12-14 06:42:06,671 [Supervised] Seed 1 Epoch 21/150: Train Loss 0.8524, Val Loss 1.0086
2024-12-14 06:43:32,963 [Supervised] Seed 1 Epoch 22/150: Train Loss 0.8523, Val Loss 1.0087
2024-12-14 06:44:56,466 [Supervised] Seed 1 Epoch 23/150: Train Loss 0.8515, Val Loss 1.0077
2024-12-14 06:46:20,220 [Supervised] Seed 1 Epoch 24/150: Train Loss 0.8519, Val Loss 1.0104
2024-12-14 06:47:45,370 [Supervised] Seed 1 Epoch 25/150: Train Loss 0.8476, Val Loss 1.0077
2024-12-14 06:49:08,566 [Supervised] Seed 1 Epoch 26/150: Train Loss 0.8461, Val Loss 0.9991
2024-12-14 06:50:31,916 [Supervised] Seed 1 Epoch 27/150: Train Loss 0.8440, Val Loss 1.0081
2024-12-14 06:51:55,179 [Supervised] Seed 1 Epoch 28/150: Train Loss 0.8418, Val Loss 0.9962
2024-12-14 06:53:21,186 [Supervised] Seed 1 Epoch 29/150: Train Loss 0.8396, Val Loss 0.9958
2024-12-14 06:54:44,334 [Supervised] Seed 1 Epoch 30/150: Train Loss 0.8407, Val Loss 0.9977
2024-12-14 06:56:08,725 [Supervised] Seed 1 Epoch 31/150: Train Loss 0.8396, Val Loss 0.9967
2024-12-14 06:57:38,274 [Supervised] Seed 1 Epoch 32/150: Train Loss 0.8457, Val Loss 1.0020
2024-12-14 06:59:15,543 [Supervised] Seed 1 Epoch 33/150: Train Loss 0.8406, Val Loss 0.9952
2024-12-14 07:00:55,431 [Supervised] Seed 1 Epoch 34/150: Train Loss 0.8398, Val Loss 0.9945
2024-12-14 07:02:35,569 [Supervised] Seed 1 Epoch 35/150: Train Loss 0.8413, Val Loss 0.9947
2024-12-14 07:04:17,904 [Supervised] Seed 1 Epoch 36/150: Train Loss 0.8388, Val Loss 0.9949
2024-12-14 07:06:00,532 [Supervised] Seed 1 Epoch 37/150: Train Loss 0.8388, Val Loss 0.9951
2024-12-14 07:07:40,226 [Supervised] Seed 1 Epoch 38/150: Train Loss 0.8381, Val Loss 0.9957
2024-12-14 07:09:25,346 [Supervised] Seed 1 Epoch 39/150: Train Loss 0.8383, Val Loss 0.9950
2024-12-14 07:11:15,137 [Supervised] Seed 1 Epoch 40/150: Train Loss 0.8383, Val Loss 0.9953
2024-12-14 07:12:54,687 [Supervised] Seed 1 Epoch 41/150: Train Loss 0.8369, Val Loss 0.9940
2024-12-14 07:14:35,115 [Supervised] Seed 1 Epoch 42/150: Train Loss 0.8364, Val Loss 0.9931
2024-12-14 07:16:16,309 [Supervised] Seed 1 Epoch 43/150: Train Loss 0.8367, Val Loss 0.9936
2024-12-14 07:17:58,708 [Supervised] Seed 1 Epoch 44/150: Train Loss 0.8367, Val Loss 0.9933
2024-12-14 07:19:32,141 [Supervised] Seed 1 Epoch 45/150: Train Loss 0.8369, Val Loss 0.9933
2024-12-14 07:20:58,505 [Supervised] Seed 1 Epoch 46/150: Train Loss 0.8368, Val Loss 0.9939
2024-12-14 07:22:28,429 [Supervised] Seed 1 Epoch 47/150: Train Loss 0.8364, Val Loss 0.9935
2024-12-14 07:24:19,340 [Supervised] Seed 1 Epoch 48/150: Train Loss 0.8363, Val Loss 0.9928
2024-12-14 07:25:58,864 [Supervised] Seed 1 Epoch 49/150: Train Loss 0.8360, Val Loss 0.9932
2024-12-14 07:27:53,365 [Supervised] Seed 1 Epoch 50/150: Train Loss 0.8360, Val Loss 0.9935
2024-12-14 07:29:45,048 [Supervised] Seed 1 Epoch 51/150: Train Loss 0.8369, Val Loss 0.9936
2024-12-14 07:31:39,373 [Supervised] Seed 1 Epoch 52/150: Train Loss 0.8363, Val Loss 0.9928
2024-12-14 07:33:30,986 [Supervised] Seed 1 Epoch 53/150: Train Loss 0.8365, Val Loss 0.9934
2024-12-14 07:35:19,079 [Supervised] Seed 1 Epoch 54/150: Train Loss 0.8382, Val Loss 0.9930
2024-12-14 07:37:17,159 [Supervised] Seed 1 Epoch 55/150: Train Loss 0.8353, Val Loss 0.9925
2024-12-14 07:39:12,401 [Supervised] Seed 1 Epoch 56/150: Train Loss 0.8354, Val Loss 0.9928
2024-12-14 07:40:57,522 [Supervised] Seed 1 Epoch 57/150: Train Loss 0.8353, Val Loss 0.9931
2024-12-14 07:42:44,462 [Supervised] Seed 1 Epoch 58/150: Train Loss 0.8356, Val Loss 0.9924
2024-12-14 07:44:39,114 [Supervised] Seed 1 Epoch 59/150: Train Loss 0.8358, Val Loss 0.9934
2024-12-14 07:46:26,471 [Supervised] Seed 1 Epoch 60/150: Train Loss 0.8356, Val Loss 0.9931
2024-12-14 07:48:14,924 [Supervised] Seed 1 Epoch 61/150: Train Loss 0.8355, Val Loss 0.9921
2024-12-14 07:50:05,338 [Supervised] Seed 1 Epoch 62/150: Train Loss 0.8359, Val Loss 0.9924
2024-12-14 07:51:55,443 [Supervised] Seed 1 Epoch 63/150: Train Loss 0.8353, Val Loss 0.9929
2024-12-14 07:53:44,503 [Supervised] Seed 1 Epoch 64/150: Train Loss 0.8353, Val Loss 0.9924
2024-12-14 07:55:34,175 [Supervised] Seed 1 Epoch 65/150: Train Loss 0.8355, Val Loss 0.9923
2024-12-14 07:57:15,582 [Supervised] Seed 1 Epoch 66/150: Train Loss 0.8354, Val Loss 0.9918
2024-12-14 07:59:00,835 [Supervised] Seed 1 Epoch 67/150: Train Loss 0.8355, Val Loss 0.9922
2024-12-14 08:00:46,607 [Supervised] Seed 1 Epoch 68/150: Train Loss 0.8354, Val Loss 0.9929
2024-12-14 08:02:25,943 [Supervised] Seed 1 Epoch 69/150: Train Loss 0.8352, Val Loss 0.9927
2024-12-14 08:04:09,587 [Supervised] Seed 1 Epoch 70/150: Train Loss 0.8353, Val Loss 0.9926
2024-12-14 08:05:49,018 [Supervised] Seed 1 Epoch 71/150: Train Loss 0.8352, Val Loss 0.9925
2024-12-14 08:07:25,248 [Supervised] Seed 1 Epoch 72/150: Train Loss 0.8357, Val Loss 0.9926
2024-12-14 08:09:12,111 [Supervised] Seed 1 Epoch 73/150: Train Loss 0.8345, Val Loss 0.9918
2024-12-14 08:11:01,191 [Supervised] Seed 1 Epoch 74/150: Train Loss 0.8345, Val Loss 0.9918
2024-12-14 08:12:40,317 [Supervised] Seed 1 Epoch 75/150: Train Loss 0.8344, Val Loss 0.9916
2024-12-14 08:14:20,544 [Supervised] Seed 1 Epoch 76/150: Train Loss 0.8348, Val Loss 0.9918
2024-12-14 08:15:43,540 [Supervised] Seed 1 Epoch 77/150: Train Loss 0.8346, Val Loss 0.9917
2024-12-14 08:17:07,695 [Supervised] Seed 1 Epoch 78/150: Train Loss 0.8348, Val Loss 0.9914
2024-12-14 08:18:29,701 [Supervised] Seed 1 Epoch 79/150: Train Loss 0.8345, Val Loss 0.9910
2024-12-14 08:19:57,160 [Supervised] Seed 1 Epoch 80/150: Train Loss 0.8347, Val Loss 0.9911
2024-12-14 08:21:52,753 [Supervised] Seed 1 Epoch 81/150: Train Loss 0.8341, Val Loss 0.9906
2024-12-14 08:23:41,436 [Supervised] Seed 1 Epoch 82/150: Train Loss 0.8344, Val Loss 0.9918
2024-12-14 08:25:27,538 [Supervised] Seed 1 Epoch 83/150: Train Loss 0.8343, Val Loss 0.9908
2024-12-14 08:27:11,281 [Supervised] Seed 1 Epoch 84/150: Train Loss 0.8344, Val Loss 0.9914
2024-12-14 08:28:59,287 [Supervised] Seed 1 Epoch 85/150: Train Loss 0.8341, Val Loss 0.9906
2024-12-14 08:30:43,231 [Supervised] Seed 1 Epoch 86/150: Train Loss 0.8342, Val Loss 0.9906
2024-12-14 08:32:26,139 [Supervised] Seed 1 Epoch 87/150: Train Loss 0.8345, Val Loss 0.9901
2024-12-14 08:34:08,449 [Supervised] Seed 1 Epoch 88/150: Train Loss 0.8344, Val Loss 0.9906
2024-12-14 08:35:50,171 [Supervised] Seed 1 Epoch 89/150: Train Loss 0.8344, Val Loss 0.9909
2024-12-14 08:37:21,578 [Supervised] Seed 1 Epoch 90/150: Train Loss 0.8339, Val Loss 0.9905
2024-12-14 08:39:05,096 [Supervised] Seed 1 Epoch 91/150: Train Loss 0.8343, Val Loss 0.9900
2024-12-14 08:40:50,662 [Supervised] Seed 1 Epoch 92/150: Train Loss 0.8339, Val Loss 0.9909
2024-12-14 08:42:38,104 [Supervised] Seed 1 Epoch 93/150: Train Loss 0.8346, Val Loss 0.9904
2024-12-14 08:44:20,326 [Supervised] Seed 1 Epoch 94/150: Train Loss 0.8343, Val Loss 0.9905
2024-12-14 08:45:57,960 [Supervised] Seed 1 Epoch 95/150: Train Loss 0.8340, Val Loss 0.9898
2024-12-14 08:47:39,014 [Supervised] Seed 1 Epoch 96/150: Train Loss 0.8342, Val Loss 0.9912
2024-12-14 08:49:24,528 [Supervised] Seed 1 Epoch 97/150: Train Loss 0.8340, Val Loss 0.9907
2024-12-14 08:51:06,739 [Supervised] Seed 1 Epoch 98/150: Train Loss 0.8341, Val Loss 0.9907
2024-12-14 08:52:48,477 [Supervised] Seed 1 Epoch 99/150: Train Loss 0.8341, Val Loss 0.9900
2024-12-14 08:54:28,545 [Supervised] Seed 1 Epoch 100/150: Train Loss 0.8338, Val Loss 0.9911
2024-12-14 08:56:05,957 [Supervised] Seed 1 Epoch 101/150: Train Loss 0.8340, Val Loss 0.9903
2024-12-14 08:57:48,868 [Supervised] Seed 1 Epoch 102/150: Train Loss 0.8340, Val Loss 0.9897
2024-12-14 08:59:31,511 [Supervised] Seed 1 Epoch 103/150: Train Loss 0.8337, Val Loss 0.9893
2024-12-14 09:01:05,852 [Supervised] Seed 1 Epoch 104/150: Train Loss 0.8339, Val Loss 0.9904
2024-12-14 09:02:46,492 [Supervised] Seed 1 Epoch 105/150: Train Loss 0.8337, Val Loss 0.9903
2024-12-14 09:04:18,902 [Supervised] Seed 1 Epoch 106/150: Train Loss 0.8334, Val Loss 0.9900
2024-12-14 09:05:54,790 [Supervised] Seed 1 Epoch 107/150: Train Loss 0.8339, Val Loss 0.9906
2024-12-14 09:07:27,626 [Supervised] Seed 1 Epoch 108/150: Train Loss 0.8337, Val Loss 0.9899
2024-12-14 09:09:12,109 [Supervised] Seed 1 Epoch 109/150: Train Loss 0.8329, Val Loss 0.9895
2024-12-14 09:10:50,604 [Supervised] Seed 1 Epoch 110/150: Train Loss 0.8330, Val Loss 0.9901
2024-12-14 09:12:28,437 [Supervised] Seed 1 Epoch 111/150: Train Loss 0.8336, Val Loss 0.9895
2024-12-14 09:14:00,847 [Supervised] Seed 1 Epoch 112/150: Train Loss 0.8336, Val Loss 0.9900
2024-12-14 09:15:38,355 [Supervised] Seed 1 Epoch 113/150: Train Loss 0.8332, Val Loss 0.9898
2024-12-14 09:15:38,357 Early stopping supervised seed 1
2024-12-14 09:16:33,143 Running seed 2
2024-12-14 09:21:21,854 [Pretraining] Seed 2 Epoch 1/150: Train Loss 0.1542, Val Loss 0.0285
2024-12-14 09:25:50,224 [Pretraining] Seed 2 Epoch 2/150: Train Loss 0.0338, Val Loss 0.0271
2024-12-14 09:30:54,843 [Pretraining] Seed 2 Epoch 3/150: Train Loss 0.0305, Val Loss 0.0263
2024-12-14 09:35:54,759 [Pretraining] Seed 2 Epoch 4/150: Train Loss 0.0168, Val Loss 0.0222
2024-12-14 09:40:25,944 [Pretraining] Seed 2 Epoch 5/150: Train Loss 0.0209, Val Loss 0.0224
2024-12-14 09:44:22,948 [Pretraining] Seed 2 Epoch 6/150: Train Loss 0.0127, Val Loss 0.0148
2024-12-14 09:49:15,152 [Pretraining] Seed 2 Epoch 7/150: Train Loss 0.0099, Val Loss 0.0291
2024-12-14 09:53:48,784 [Pretraining] Seed 2 Epoch 8/150: Train Loss 0.0096, Val Loss 0.0172
2024-12-14 09:57:48,074 [Pretraining] Seed 2 Epoch 9/150: Train Loss 0.0084, Val Loss 0.0147
2024-12-14 10:02:02,630 [Pretraining] Seed 2 Epoch 10/150: Train Loss 0.0084, Val Loss 0.0255
2024-12-14 10:06:01,049 [Pretraining] Seed 2 Epoch 11/150: Train Loss 0.0065, Val Loss 0.0198
2024-12-14 10:10:15,985 [Pretraining] Seed 2 Epoch 12/150: Train Loss 0.0065, Val Loss 0.0205
2024-12-14 10:14:49,901 [Pretraining] Seed 2 Epoch 13/150: Train Loss 0.0132, Val Loss 0.0185
2024-12-14 10:19:21,348 [Pretraining] Seed 2 Epoch 14/150: Train Loss 0.0070, Val Loss 0.0257
2024-12-14 10:23:59,248 [Pretraining] Seed 2 Epoch 15/150: Train Loss 0.0054, Val Loss 0.0168
2024-12-14 10:28:25,908 [Pretraining] Seed 2 Epoch 16/150: Train Loss 0.0037, Val Loss 0.0131
2024-12-14 10:32:56,684 [Pretraining] Seed 2 Epoch 17/150: Train Loss 0.0035, Val Loss 0.0228
2024-12-14 10:37:03,959 [Pretraining] Seed 2 Epoch 18/150: Train Loss 0.0033, Val Loss 0.0244
2024-12-14 10:41:02,718 [Pretraining] Seed 2 Epoch 19/150: Train Loss 0.0036, Val Loss 0.0179
2024-12-14 10:45:03,170 [Pretraining] Seed 2 Epoch 20/150: Train Loss 0.0032, Val Loss 0.0300
2024-12-14 10:49:03,020 [Pretraining] Seed 2 Epoch 21/150: Train Loss 0.0028, Val Loss 0.0261
2024-12-14 10:53:02,278 [Pretraining] Seed 2 Epoch 22/150: Train Loss 0.0032, Val Loss 0.0230
2024-12-14 10:57:47,359 [Pretraining] Seed 2 Epoch 23/150: Train Loss 0.0020, Val Loss 0.0159
2024-12-14 11:02:33,943 [Pretraining] Seed 2 Epoch 24/150: Train Loss 0.0020, Val Loss 0.0195
2024-12-14 11:07:22,580 [Pretraining] Seed 2 Epoch 25/150: Train Loss 0.0016, Val Loss 0.0242
2024-12-14 11:12:11,330 [Pretraining] Seed 2 Epoch 26/150: Train Loss 0.0021, Val Loss 0.0252
2024-12-14 11:12:11,332 Early stopping pretraining seed 2
2024-12-14 11:13:49,870 [Supervised] Seed 2 Epoch 1/150: Train Loss 0.9403, Val Loss 1.0272
2024-12-14 11:15:30,690 [Supervised] Seed 2 Epoch 2/150: Train Loss 0.8635, Val Loss 1.0151
2024-12-14 11:17:12,817 [Supervised] Seed 2 Epoch 3/150: Train Loss 0.8597, Val Loss 1.0166
2024-12-14 11:18:56,833 [Supervised] Seed 2 Epoch 4/150: Train Loss 0.8574, Val Loss 1.0122
2024-12-14 11:20:37,005 [Supervised] Seed 2 Epoch 5/150: Train Loss 0.8567, Val Loss 1.0101
2024-12-14 11:22:14,612 [Supervised] Seed 2 Epoch 6/150: Train Loss 0.8552, Val Loss 1.0138
2024-12-14 11:23:52,818 [Supervised] Seed 2 Epoch 7/150: Train Loss 0.8561, Val Loss 1.0137
2024-12-14 11:25:32,105 [Supervised] Seed 2 Epoch 8/150: Train Loss 0.8562, Val Loss 1.0115
2024-12-14 11:27:10,198 [Supervised] Seed 2 Epoch 9/150: Train Loss 0.8533, Val Loss 1.0144
2024-12-14 11:28:50,034 [Supervised] Seed 2 Epoch 10/150: Train Loss 0.8543, Val Loss 1.0087
2024-12-14 11:30:28,700 [Supervised] Seed 2 Epoch 11/150: Train Loss 0.8541, Val Loss 1.0124
2024-12-14 11:32:06,843 [Supervised] Seed 2 Epoch 12/150: Train Loss 0.8536, Val Loss 1.0169
2024-12-14 11:33:45,821 [Supervised] Seed 2 Epoch 13/150: Train Loss 0.8534, Val Loss 1.0104
2024-12-14 11:35:25,167 [Supervised] Seed 2 Epoch 14/150: Train Loss 0.8517, Val Loss 1.0108
2024-12-14 11:37:03,858 [Supervised] Seed 2 Epoch 15/150: Train Loss 0.8523, Val Loss 1.0082
2024-12-14 11:38:41,885 [Supervised] Seed 2 Epoch 16/150: Train Loss 0.8503, Val Loss 1.0082
2024-12-14 11:40:29,273 [Supervised] Seed 2 Epoch 17/150: Train Loss 0.8513, Val Loss 1.0099
2024-12-14 11:42:11,169 [Supervised] Seed 2 Epoch 18/150: Train Loss 0.8506, Val Loss 1.0149
2024-12-14 11:43:58,120 [Supervised] Seed 2 Epoch 19/150: Train Loss 0.8487, Val Loss 0.9988
2024-12-14 11:45:44,488 [Supervised] Seed 2 Epoch 20/150: Train Loss 0.8465, Val Loss 1.0016
2024-12-14 11:47:24,152 [Supervised] Seed 2 Epoch 21/150: Train Loss 0.8462, Val Loss 0.9966
2024-12-14 11:49:08,157 [Supervised] Seed 2 Epoch 22/150: Train Loss 0.8477, Val Loss 1.0016
2024-12-14 11:50:52,002 [Supervised] Seed 2 Epoch 23/150: Train Loss 0.8456, Val Loss 0.9962
2024-12-14 11:52:35,689 [Supervised] Seed 2 Epoch 24/150: Train Loss 0.8433, Val Loss 1.0320
2024-12-14 11:54:15,462 [Supervised] Seed 2 Epoch 25/150: Train Loss 0.8496, Val Loss 1.0002
2024-12-14 11:55:58,016 [Supervised] Seed 2 Epoch 26/150: Train Loss 0.8418, Val Loss 0.9993
2024-12-14 11:57:39,263 [Supervised] Seed 2 Epoch 27/150: Train Loss 0.8431, Val Loss 1.0042
2024-12-14 11:59:21,669 [Supervised] Seed 2 Epoch 28/150: Train Loss 0.8407, Val Loss 0.9968
2024-12-14 12:01:03,668 [Supervised] Seed 2 Epoch 29/150: Train Loss 0.8411, Val Loss 0.9970
2024-12-14 12:02:44,383 [Supervised] Seed 2 Epoch 30/150: Train Loss 0.8386, Val Loss 0.9953
2024-12-14 12:04:26,088 [Supervised] Seed 2 Epoch 31/150: Train Loss 0.8380, Val Loss 0.9959
2024-12-14 12:06:08,074 [Supervised] Seed 2 Epoch 32/150: Train Loss 0.8385, Val Loss 0.9943
2024-12-14 12:07:54,686 [Supervised] Seed 2 Epoch 33/150: Train Loss 0.8378, Val Loss 0.9947
2024-12-14 12:09:40,594 [Supervised] Seed 2 Epoch 34/150: Train Loss 0.8383, Val Loss 0.9944
2024-12-14 12:11:26,169 [Supervised] Seed 2 Epoch 35/150: Train Loss 0.8385, Val Loss 0.9947
2024-12-14 12:13:07,080 [Supervised] Seed 2 Epoch 36/150: Train Loss 0.8381, Val Loss 0.9953
2024-12-14 12:14:51,719 [Supervised] Seed 2 Epoch 37/150: Train Loss 0.8379, Val Loss 0.9948
2024-12-14 12:16:40,461 [Supervised] Seed 2 Epoch 38/150: Train Loss 0.8382, Val Loss 0.9952
2024-12-14 12:18:23,360 [Supervised] Seed 2 Epoch 39/150: Train Loss 0.8375, Val Loss 0.9947
2024-12-14 12:20:08,489 [Supervised] Seed 2 Epoch 40/150: Train Loss 0.8373, Val Loss 0.9944
2024-12-14 12:21:53,812 [Supervised] Seed 2 Epoch 41/150: Train Loss 0.8369, Val Loss 0.9946
2024-12-14 12:23:40,662 [Supervised] Seed 2 Epoch 42/150: Train Loss 0.8370, Val Loss 0.9944
2024-12-14 12:23:40,663 Early stopping supervised seed 2
2024-12-14 12:24:39,235 Experiment complete. Results saved.
